<?xml version="1.0" encoding="UTF-8"?>
<!-- Generated by org.testng.reporters.JUnitReportReporter -->
<testsuite skipped="0" hostname="SachinRoy-Asus" name="com.crm.qa.testcases.HomePageTest" tests="2" failures="0" timestamp="17 Aug 2018 21:04:23 GMT" time="24.908" errors="0">
  <testcase name="isNoCompanyDispTest" time="9.903" classname="com.crm.qa.testcases.HomePageTest"/>
  <testcase name="iscalendarDispTest" time="15.005" classname="com.crm.qa.testcases.HomePageTest"/>
</testsuite> <!-- com.crm.qa.testcases.HomePageTest -->
