<?xml version="1.0" encoding="UTF-8"?>
<!-- Generated by org.testng.reporters.JUnitReportReporter -->
<testsuite skipped="0" hostname="SachinRoy-Asus" name="com.crm.qa.testcases.LoginPageTest" tests="3" failures="0" timestamp="17 Aug 2018 14:00:54 GMT" time="86.105" errors="0">
  <testcase name="loginPageTitleTest" time="16.307" classname="com.crm.qa.testcases.LoginPageTest"/>
  <testcase name="crmLogoImageTest" time="13.932" classname="com.crm.qa.testcases.LoginPageTest"/>
  <testcase name="loginTest" time="55.866" classname="com.crm.qa.testcases.LoginPageTest"/>
</testsuite> <!-- com.crm.qa.testcases.LoginPageTest -->
